<?xml version="1.0" encoding="utf-8"?><testsuites name="pytest tests"><testsuite name="pytest" errors="0" failures="0" skipped="0" tests="57" time="29.698" timestamp="2026-07-03T19:08:38.782139+00:00" hostname="agent-env-6257c44a-f8e7-469c-8ea0-f79157d8005e"><testcase classname="tests.test_tradehub_api.TestAuth" name="test_login_success" time="0.460" /><testcase classname="tests.test_tradehub_api.TestAuth" name="test_login_invalid" time="0.229" /><testcase classname="tests.test_tradehub_api.TestAuth" name="test_me_with_bearer" time="0.003" /><testcase classname="tests.test_tradehub_api.TestAuth" name="test_me_no_token" time="0.002" /><testcase classname="tests.test_tradehub_api.TestStrategies" name="test_list_seeded" time="0.046" /><testcase classname="tests.test_tradehub_api.TestStrategies" name="test_create_update_toggle_delete" time="0.260" /><testcase classname="tests.test_tradehub_api.TestWebhookFlow" name="test_webhook_auto_execute" time="0.236" /><testcase classname="tests.test_tradehub_api.TestWebhookFlow" name="test_webhook_require_approval_and_approve" time="0.267" /><testcase classname="tests.test_tradehub_api.TestWebhookFlow" name="test_webhook_reject" time="0.220" /><testcase classname="tests.test_tradehub_api.TestWebhookFlow" name="test_webhook_auto_approve_timer" time="4.190" /><testcase classname="tests.test_tradehub_api.TestWebhookFlow" name="test_webhook_unknown_token" time="0.089" /><testcase classname="tests.test_tradehub_api.TestWebhookFlow" name="test_double_approve_returns_400_no_duplicate_trade" time="0.311" /><testcase classname="tests.test_tradehub_api.TestWebhookFlow" name="test_reject_then_approve_returns_400_no_trade" time="0.304" /><testcase classname="tests.test_tradehub_api.TestWebhookFlow" name="test_auto_execute_creates_exactly_one_trade" time="0.220" /><testcase classname="tests.test_tradehub_api.TestWebhookFlow" name="test_auto_approve_timer_creates_exactly_one_trade" time="4.232" /><testcase classname="tests.test_tradehub_api.TestNotificationIndependence" name="test_auto_execute_paper_logs_signal_and_creates_trade" time="1.049" /><testcase classname="tests.test_tradehub_api.TestNotificationIndependence" name="test_auto_execute_live_failure_logs_signal_and_order_failed" time="5.961" /><testcase classname="tests.test_tradehub_api.TestNotificationIndependence" name="test_require_approval_dispatches_approval_notification_before_execution" time="1.101" /><testcase classname="tests.test_tradehub_api.TestNotificationIndependence" name="test_auto_approve_timer_dispatches_notification_at_receipt" time="0.222" /><testcase classname="tests.test_tradehub_api.TestTrades" name="test_list_filters" time="0.016" /><testcase classname="tests.test_tradehub_api.TestTrades" name="test_create_long_pnl" time="0.217" /><testcase classname="tests.test_tradehub_api.TestTrades" name="test_create_option_multiplier" time="0.089" /><testcase classname="tests.test_tradehub_api.TestTags" name="test_crud" time="0.129" /><testcase classname="tests.test_tradehub_api.TestAnalytics" name="test_overview" time="0.045" /><testcase classname="tests.test_tradehub_api.TestAnalytics" name="test_equity" time="0.047" /><testcase classname="tests.test_tradehub_api.TestAnalytics" name="test_calendar" time="0.044" /><testcase classname="tests.test_tradehub_api.TestAnalytics" name="test_by[symbol]" time="0.045" /><testcase classname="tests.test_tradehub_api.TestAnalytics" name="test_by[strategy]" time="0.046" /><testcase classname="tests.test_tradehub_api.TestAnalytics" name="test_by[tag]" time="0.045" /><testcase classname="tests.test_tradehub_api.TestAnalytics" name="test_by[side]" time="0.046" /><testcase classname="tests.test_tradehub_api.TestAnalytics" name="test_mfe_mae_time_strategy" time="0.134" /><testcase classname="tests.test_tradehub_api.TestBot" name="test_status_and_mode" time="0.093" /><testcase classname="tests.test_tradehub_api.TestSettings" name="test_get_put" time="0.130" /><testcase classname="tests.test_tradehub_api.TestAutoTradeGating" name="test_default_status_flags" time="0.134" /><testcase classname="tests.test_tradehub_api.TestAutoTradeGating" name="test_auto_execute_held_when_auto_trade_off" time="0.512" /><testcase classname="tests.test_tradehub_api.TestAutoTradeGating" name="test_auto_execute_runs_when_auto_trade_on" time="0.923" /><testcase classname="tests.test_tradehub_api.TestBrokerConnect" name="test_connect_disconnect_persists_host_port" time="0.314" /><testcase classname="tests.test_tradehub_api.TestEventFiltering" name="test_telegram_event_filter_excludes_and_includes_order_success" time="2.498" /><testcase classname="tests.test_tradehub_api.TestTelegramPersonalGroup" name="test_two_targets_produce_two_rows" time="1.129" /><testcase classname="tests.test_tradehub_api.TestNotificationsTestEndpoint" name="test_not_configured_returns_ok_false_and_logs_row[discord]" time="0.296" /><testcase classname="tests.test_tradehub_api.TestNotificationsTestEndpoint" name="test_not_configured_returns_ok_false_and_logs_row[whatsapp]" time="0.295" /><testcase classname="tests.test_tradehub_api.TestNotificationsTestEndpoint" name="test_telegram_not_configured" time="0.088" /><testcase classname="tests.test_tradehub_api.TestSettingsPersistence" name="test_full_roundtrip" time="0.131" /><testcase classname="tests.test_multitenancy.TestAdminLogin" name="test_admin_login_ok" time="0.229" /><testcase classname="tests.test_multitenancy.TestAdminLogin" name="test_invalid_password_401" time="0.235" /><testcase classname="tests.test_multitenancy.TestRegistration" name="test_register_creates_user_with_6_tags" time="0.237" /><testcase classname="tests.test_multitenancy.TestRegistration" name="test_duplicate_email_400" time="0.238" /><testcase classname="tests.test_multitenancy.TestDataIsolation" name="test_admin_sees_seeded_workspace" time="0.012" /><testcase classname="tests.test_multitenancy.TestDataIsolation" name="test_new_user_workspace_empty" time="0.243" /><testcase classname="tests.test_multitenancy.TestDataIsolation" name="test_cross_account_isolation" time="0.262" /><testcase classname="tests.test_multitenancy.TestAdminUserManagement" name="test_list_users" time="0.239" /><testcase classname="tests.test_multitenancy.TestAdminUserManagement" name="test_admin_create_user" time="0.236" /><testcase classname="tests.test_multitenancy.TestAdminUserManagement" name="test_admin_delete_removes_data" time="0.238" /><testcase classname="tests.test_multitenancy.TestAdminUserManagement" name="test_admin_cannot_delete_self" time="0.004" /><testcase classname="tests.test_multitenancy.TestAuthorization" name="test_non_admin_forbidden_user_endpoints" time="0.240" /><testcase classname="tests.test_multitenancy.TestAuthorization" name="test_no_bearer_401" time="0.003" /><testcase classname="tests.test_multitenancy.TestWebhookOwnership" name="test_webhook_creates_alert_for_owner_only" time="0.305" /></testsuite></testsuites>