<?xml version="1.0" encoding="utf-8"?><testsuites name="pytest tests"><testsuite name="pytest" errors="0" failures="0" skipped="0" tests="14" time="2.758" timestamp="2026-07-03T18:59:41.554879+00:00" hostname="agent-env-6257c44a-f8e7-469c-8ea0-f79157d8005e"><testcase classname="tests.test_multitenancy.TestAdminLogin" name="test_admin_login_ok" time="0.231" /><testcase classname="tests.test_multitenancy.TestAdminLogin" name="test_invalid_password_401" time="0.233" /><testcase classname="tests.test_multitenancy.TestRegistration" name="test_register_creates_user_with_6_tags" time="0.241" /><testcase classname="tests.test_multitenancy.TestRegistration" name="test_duplicate_email_400" time="0.237" /><testcase classname="tests.test_multitenancy.TestDataIsolation" name="test_admin_sees_seeded_workspace" time="0.012" /><testcase classname="tests.test_multitenancy.TestDataIsolation" name="test_new_user_workspace_empty" time="0.243" /><testcase classname="tests.test_multitenancy.TestDataIsolation" name="test_cross_account_isolation" time="0.260" /><testcase classname="tests.test_multitenancy.TestAdminUserManagement" name="test_list_users" time="0.239" /><testcase classname="tests.test_multitenancy.TestAdminUserManagement" name="test_admin_create_user" time="0.234" /><testcase classname="tests.test_multitenancy.TestAdminUserManagement" name="test_admin_delete_removes_data" time="0.236" /><testcase classname="tests.test_multitenancy.TestAdminUserManagement" name="test_admin_cannot_delete_self" time="0.004" /><testcase classname="tests.test_multitenancy.TestAuthorization" name="test_non_admin_forbidden_user_endpoints" time="0.241" /><testcase classname="tests.test_multitenancy.TestAuthorization" name="test_no_bearer_401" time="0.003" /><testcase classname="tests.test_multitenancy.TestWebhookOwnership" name="test_webhook_creates_alert_for_owner_only" time="0.254" /></testsuite></testsuites>