<?xml version="1.0" encoding="utf-8"?><testsuites name="pytest tests"><testsuite name="pytest" errors="0" failures="5" skipped="0" tests="43" time="15.132" timestamp="2026-07-03T18:35:06.684734+00:00" hostname="agent-env-6257c44a-f8e7-469c-8ea0-f79157d8005e"><testcase classname="tests.test_tradehub_api.TestAnalytics" name="test_overview" time="0.535" /><testcase classname="tests.test_tradehub_api.TestAnalytics" name="test_equity" time="0.045" /><testcase classname="tests.test_tradehub_api.TestWebhookFlow" name="test_webhook_auto_execute" time="0.723" /><testcase classname="tests.test_tradehub_api.TestAnalytics" name="test_calendar" time="0.044" /><testcase classname="tests.test_tradehub_api.TestAnalytics" name="test_by[symbol]" time="0.050" /><testcase classname="tests.test_tradehub_api.TestAnalytics" name="test_by[strategy]" time="0.046" /><testcase classname="tests.test_tradehub_api.TestAnalytics" name="test_by[tag]" time="0.045" /><testcase classname="tests.test_tradehub_api.TestAnalytics" name="test_by[side]" time="0.044" /><testcase classname="tests.test_tradehub_api.TestWebhookFlow" name="test_webhook_require_approval_and_approve" time="0.272" /><testcase classname="tests.test_tradehub_api.TestAnalytics" name="test_mfe_mae_time_strategy" time="0.136" /><testcase classname="tests.test_tradehub_api.TestAuth" name="test_login_success" time="0.225" /><testcase classname="tests.test_tradehub_api.TestAuth" name="test_login_invalid" time="0.233" /><testcase classname="tests.test_tradehub_api.TestAuth" name="test_me_with_bearer" time="0.002" /><testcase classname="tests.test_tradehub_api.TestAuth" name="test_me_no_token" time="0.002" /><testcase classname="tests.test_tradehub_api.TestWebhookFlow" name="test_webhook_reject" time="0.591" /><testcase classname="tests.test_tradehub_api.TestNotificationIndependence" name="test_auto_execute_paper_logs_signal_and_creates_trade" time="1.037" /><testcase classname="tests.test_tradehub_api.TestWebhookFlow" name="test_webhook_auto_approve_timer" time="4.189"><failure message="AssertionError: assert ({'id': 'd6aa2f42-c085-4397-80f5-2cd85425f5e8', 'strategy_id': '292368ca-5ba2-4156-9be5-dc259ca4f743', 'strategy_name': 'TEST_WH_auto_approve_timer', 'action': 'buy', ...} and 'approved' == 'executed'&#10;  &#10;  - executed&#10;  + approved)">E   AssertionError: assert ({'id': 'd6aa2f42-c085-4397-80f5-2cd85425f5e8', 'strategy_id': '292368ca-5ba2-4156-9be5-dc259ca4f743', 'strategy_name': 'TEST_WH_auto_approve_timer', 'action': 'buy', ...} and 'approved' == 'executed'
      
      - executed
      + approved)</failure></testcase><testcase classname="tests.test_tradehub_api.TestNotificationIndependence" name="test_auto_execute_live_failure_logs_signal_and_order_failed" time="5.804"><failure message="AssertionError: execution.error must be set&#10;assert ''&#10; +  where '' = &lt;built-in method get of dict object at 0xfaab00b9a200&gt;('error')&#10; +    where &lt;built-in method get of dict object at 0xfaab00b9a200&gt; = {'mode': 'failed', 'filled': False, 'error': ''}.get&#10; +      where {'mode': 'failed', 'filled': False, 'error': ''} = &lt;built-in method get of dict object at 0xfaab00ba5c40&gt;('execution', {})&#10; +        where &lt;built-in method get of dict object at 0xfaab00ba5c40&gt; = {'id': 'cc4457f6-f228-4e25-bb5b-25ece2a567c6', 'strategy_id': 'f74e7600-049b-4866-a01d-8c32fa86127a', 'strategy_name': 'TEST_NI_auto_execute', 'action': 'buy', ...}.get">E   AssertionError: execution.error must be set
    assert ''
     +  where '' = &lt;built-in method get of dict object at 0xfaab00b9a200&gt;('error')
     +    where &lt;built-in method get of dict object at 0xfaab00b9a200&gt; = {'mode': 'failed', 'filled': False, 'error': ''}.get
     +      where {'mode': 'failed', 'filled': False, 'error': ''} = &lt;built-in method get of dict object at 0xfaab00ba5c40&gt;('execution', {})
     +        where &lt;built-in method get of dict object at 0xfaab00ba5c40&gt; = {'id': 'cc4457f6-f228-4e25-bb5b-25ece2a567c6', 'strategy_id': 'f74e7600-049b-4866-a01d-8c32fa86127a', 'strategy_name': 'TEST_NI_auto_execute', 'action': 'buy', ...}.get</failure></testcase><testcase classname="tests.test_tradehub_api.TestWebhookFlow" name="test_webhook_unknown_token" time="0.098" /><testcase classname="tests.test_tradehub_api.TestWebhookFlow" name="test_double_approve_returns_400_no_duplicate_trade" time="0.312" /><testcase classname="tests.test_tradehub_api.TestWebhookFlow" name="test_reject_then_approve_returns_400_no_trade" time="0.306" /><testcase classname="tests.test_tradehub_api.TestWebhookFlow" name="test_auto_execute_creates_exactly_one_trade" time="0.224" /><testcase classname="tests.test_tradehub_api.TestWebhookFlow" name="test_auto_approve_timer_creates_exactly_one_trade" time="4.233" /><testcase classname="tests.test_tradehub_api.TestNotificationIndependence" name="test_require_approval_dispatches_approval_notification_before_execution" time="1.106" /><testcase classname="tests.test_tradehub_api.TestNotificationIndependence" name="test_auto_approve_timer_dispatches_notification_at_receipt" time="0.227" /><testcase classname="tests.test_tradehub_api.TestAutoTradeGating" name="test_default_status_flags" time="0.135" /><testcase classname="tests.test_tradehub_api.TestAutoTradeGating" name="test_auto_execute_held_when_auto_trade_off" time="0.882" /><testcase classname="tests.test_tradehub_api.TestAutoTradeGating" name="test_auto_execute_runs_when_auto_trade_on" time="0.926"><failure message="AssertionError: expected ✅ ORDER FILLED notif with event=order_success&#10;assert 0 &gt;= 1&#10; +  where 0 = len([])">E   AssertionError: expected ✅ ORDER FILLED notif with event=order_success
    assert 0 &gt;= 1
     +  where 0 = len([])</failure></testcase><testcase classname="tests.test_tradehub_api.TestTrades" name="test_list_filters" time="0.016" /><testcase classname="tests.test_tradehub_api.TestTrades" name="test_create_long_pnl" time="0.219" /><testcase classname="tests.test_tradehub_api.TestTrades" name="test_create_option_multiplier" time="0.087" /><testcase classname="tests.test_tradehub_api.TestStrategies" name="test_list_seeded" time="0.048" /><testcase classname="tests.test_tradehub_api.TestStrategies" name="test_create_update_toggle_delete" time="0.261" /><testcase classname="tests.test_tradehub_api.TestNotificationsTestEndpoint" name="test_not_configured_returns_ok_false_and_logs_row[discord]" time="0.299" /><testcase classname="tests.test_tradehub_api.TestTags" name="test_crud" time="0.130" /><testcase classname="tests.test_tradehub_api.TestBot" name="test_status_and_mode" time="0.091" /><testcase classname="tests.test_tradehub_api.TestSettings" name="test_get_put" time="0.130" /><testcase classname="tests.test_tradehub_api.TestNotificationsTestEndpoint" name="test_not_configured_returns_ok_false_and_logs_row[whatsapp]" time="0.295" /><testcase classname="tests.test_tradehub_api.TestBrokerConnect" name="test_connect_disconnect_persists_host_port" time="0.312"><failure message="AssertionError: assert '127.0.0.1' == '192.168.99.5'&#10;  &#10;  - 192.168.99.5&#10;  + 127.0.0.1">E   AssertionError: assert '127.0.0.1' == '192.168.99.5'
      
      - 192.168.99.5
      + 127.0.0.1</failure></testcase><testcase classname="tests.test_tradehub_api.TestNotificationsTestEndpoint" name="test_telegram_not_configured" time="0.086" /><testcase classname="tests.test_tradehub_api.TestTelegramPersonalGroup" name="test_two_targets_produce_two_rows" time="1.226" /><testcase classname="tests.test_tradehub_api.TestEventFiltering" name="test_telegram_event_filter_excludes_and_includes_order_success" time="2.131"><failure message="AssertionError: expected telegram order_success row now that it's opted in&#10;assert 0 &gt;= 1&#10; +  where 0 = len([])">E   AssertionError: expected telegram order_success row now that it's opted in
    assert 0 &gt;= 1
     +  where 0 = len([])</failure></testcase><testcase classname="tests.test_tradehub_api.TestSettingsPersistence" name="test_full_roundtrip" time="0.218" /></testsuite></testsuites>