<?xml version="1.0" encoding="utf-8"?><testsuites name="pytest tests"><testsuite name="pytest" errors="0" failures="0" skipped="0" tests="33" time="10.778" timestamp="2026-07-03T18:14:50.477839+00:00" hostname="agent-env-6257c44a-f8e7-469c-8ea0-f79157d8005e"><testcase classname="tests.test_tradehub_api.TestAnalytics" name="test_overview" time="0.490" /><testcase classname="tests.test_tradehub_api.TestWebhookFlow" name="test_webhook_auto_execute" time="0.629" /><testcase classname="tests.test_tradehub_api.TestAnalytics" name="test_equity" time="0.047" /><testcase classname="tests.test_tradehub_api.TestAnalytics" name="test_calendar" time="0.045" /><testcase classname="tests.test_tradehub_api.TestAnalytics" name="test_by[symbol]" time="0.046" /><testcase classname="tests.test_tradehub_api.TestWebhookFlow" name="test_webhook_require_approval_and_approve" time="0.183" /><testcase classname="tests.test_tradehub_api.TestAnalytics" name="test_by[strategy]" time="0.046" /><testcase classname="tests.test_tradehub_api.TestAnalytics" name="test_by[tag]" time="0.044" /><testcase classname="tests.test_tradehub_api.TestAnalytics" name="test_by[side]" time="0.045" /><testcase classname="tests.test_tradehub_api.TestAnalytics" name="test_mfe_mae_time_strategy" time="0.137" /><testcase classname="tests.test_tradehub_api.TestWebhookFlow" name="test_webhook_reject" time="0.134" /><testcase classname="tests.test_tradehub_api.TestAuth" name="test_login_success" time="0.228" /><testcase classname="tests.test_tradehub_api.TestWebhookFlow" name="test_webhook_auto_approve_timer" time="4.468" /><testcase classname="tests.test_tradehub_api.TestAuth" name="test_login_invalid" time="0.232" /><testcase classname="tests.test_tradehub_api.TestAuth" name="test_me_with_bearer" time="0.004" /><testcase classname="tests.test_tradehub_api.TestAuth" name="test_me_no_token" time="0.002" /><testcase classname="tests.test_tradehub_api.TestNotificationIndependence" name="test_auto_execute_paper_logs_signal_and_creates_trade" time="0.627" /><testcase classname="tests.test_tradehub_api.TestNotificationIndependence" name="test_auto_execute_live_failure_logs_signal_and_order_failed" time="1.161" /><testcase classname="tests.test_tradehub_api.TestNotificationIndependence" name="test_require_approval_dispatches_approval_notification_before_execution" time="0.681" /><testcase classname="tests.test_tradehub_api.TestNotificationIndependence" name="test_auto_approve_timer_dispatches_notification_at_receipt" time="0.177" /><testcase classname="tests.test_tradehub_api.TestTrades" name="test_list_filters" time="0.011" /><testcase classname="tests.test_tradehub_api.TestTrades" name="test_create_long_pnl" time="0.220" /><testcase classname="tests.test_tradehub_api.TestTrades" name="test_create_option_multiplier" time="0.087" /><testcase classname="tests.test_tradehub_api.TestStrategies" name="test_list_seeded" time="0.048" /><testcase classname="tests.test_tradehub_api.TestStrategies" name="test_create_update_toggle_delete" time="0.264" /><testcase classname="tests.test_tradehub_api.TestTags" name="test_crud" time="0.132" /><testcase classname="tests.test_tradehub_api.TestBot" name="test_status_and_mode" time="0.091" /><testcase classname="tests.test_tradehub_api.TestSettings" name="test_get_put" time="0.132" /><testcase classname="tests.test_tradehub_api.TestWebhookFlow" name="test_webhook_unknown_token" time="0.003" /><testcase classname="tests.test_tradehub_api.TestWebhookFlow" name="test_double_approve_returns_400_no_duplicate_trade" time="0.224" /><testcase classname="tests.test_tradehub_api.TestWebhookFlow" name="test_reject_then_approve_returns_400_no_trade" time="0.224" /><testcase classname="tests.test_tradehub_api.TestWebhookFlow" name="test_auto_execute_creates_exactly_one_trade" time="0.138" /><testcase classname="tests.test_tradehub_api.TestWebhookFlow" name="test_auto_approve_timer_creates_exactly_one_trade" time="4.138" /></testsuite></testsuites>