<?xml version="1.0" encoding="utf-8"?><testsuites name="pytest tests"><testsuite name="pytest" errors="0" failures="0" skipped="0" tests="43" time="24.210" timestamp="2026-07-03T18:59:49.803992+00:00" hostname="agent-env-6257c44a-f8e7-469c-8ea0-f79157d8005e"><testcase classname="tests.test_tradehub_api.TestAuth" name="test_login_success" time="0.458" /><testcase classname="tests.test_tradehub_api.TestAuth" name="test_login_invalid" time="0.227" /><testcase classname="tests.test_tradehub_api.TestAuth" name="test_me_with_bearer" time="0.003" /><testcase classname="tests.test_tradehub_api.TestAuth" name="test_me_no_token" time="0.002" /><testcase classname="tests.test_tradehub_api.TestStrategies" name="test_list_seeded" time="0.047" /><testcase classname="tests.test_tradehub_api.TestStrategies" name="test_create_update_toggle_delete" time="0.264" /><testcase classname="tests.test_tradehub_api.TestWebhookFlow" name="test_webhook_auto_execute" time="0.237" /><testcase classname="tests.test_tradehub_api.TestWebhookFlow" name="test_webhook_require_approval_and_approve" time="0.267" /><testcase classname="tests.test_tradehub_api.TestWebhookFlow" name="test_webhook_reject" time="0.221" /><testcase classname="tests.test_tradehub_api.TestWebhookFlow" name="test_webhook_auto_approve_timer" time="4.190" /><testcase classname="tests.test_tradehub_api.TestWebhookFlow" name="test_webhook_unknown_token" time="0.090" /><testcase classname="tests.test_tradehub_api.TestWebhookFlow" name="test_double_approve_returns_400_no_duplicate_trade" time="0.310" /><testcase classname="tests.test_tradehub_api.TestWebhookFlow" name="test_reject_then_approve_returns_400_no_trade" time="0.309" /><testcase classname="tests.test_tradehub_api.TestWebhookFlow" name="test_auto_execute_creates_exactly_one_trade" time="0.224" /><testcase classname="tests.test_tradehub_api.TestWebhookFlow" name="test_auto_approve_timer_creates_exactly_one_trade" time="4.236" /><testcase classname="tests.test_tradehub_api.TestNotificationIndependence" name="test_auto_execute_paper_logs_signal_and_creates_trade" time="0.291" /><testcase classname="tests.test_tradehub_api.TestNotificationIndependence" name="test_auto_execute_live_failure_logs_signal_and_order_failed" time="4.441" /><testcase classname="tests.test_tradehub_api.TestNotificationIndependence" name="test_require_approval_dispatches_approval_notification_before_execution" time="0.402" /><testcase classname="tests.test_tradehub_api.TestNotificationIndependence" name="test_auto_approve_timer_dispatches_notification_at_receipt" time="0.226" /><testcase classname="tests.test_tradehub_api.TestTrades" name="test_list_filters" time="0.015" /><testcase classname="tests.test_tradehub_api.TestTrades" name="test_create_long_pnl" time="0.221" /><testcase classname="tests.test_tradehub_api.TestTrades" name="test_create_option_multiplier" time="0.088" /><testcase classname="tests.test_tradehub_api.TestTags" name="test_crud" time="0.130" /><testcase classname="tests.test_tradehub_api.TestAnalytics" name="test_overview" time="0.046" /><testcase classname="tests.test_tradehub_api.TestAnalytics" name="test_equity" time="0.047" /><testcase classname="tests.test_tradehub_api.TestAnalytics" name="test_calendar" time="0.045" /><testcase classname="tests.test_tradehub_api.TestAnalytics" name="test_by[symbol]" time="0.046" /><testcase classname="tests.test_tradehub_api.TestAnalytics" name="test_by[strategy]" time="0.046" /><testcase classname="tests.test_tradehub_api.TestAnalytics" name="test_by[tag]" time="0.045" /><testcase classname="tests.test_tradehub_api.TestAnalytics" name="test_by[side]" time="0.046" /><testcase classname="tests.test_tradehub_api.TestAnalytics" name="test_mfe_mae_time_strategy" time="0.135" /><testcase classname="tests.test_tradehub_api.TestBot" name="test_status_and_mode" time="0.092" /><testcase classname="tests.test_tradehub_api.TestSettings" name="test_get_put" time="0.130" /><testcase classname="tests.test_tradehub_api.TestAutoTradeGating" name="test_default_status_flags" time="0.136" /><testcase classname="tests.test_tradehub_api.TestAutoTradeGating" name="test_auto_execute_held_when_auto_trade_off" time="0.584" /><testcase classname="tests.test_tradehub_api.TestAutoTradeGating" name="test_auto_execute_runs_when_auto_trade_on" time="0.965" /><testcase classname="tests.test_tradehub_api.TestBrokerConnect" name="test_connect_disconnect_persists_host_port" time="0.356" /><testcase classname="tests.test_tradehub_api.TestEventFiltering" name="test_telegram_event_filter_excludes_and_includes_order_success" time="2.487" /><testcase classname="tests.test_tradehub_api.TestTelegramPersonalGroup" name="test_two_targets_produce_two_rows" time="1.133" /><testcase classname="tests.test_tradehub_api.TestNotificationsTestEndpoint" name="test_not_configured_returns_ok_false_and_logs_row[discord]" time="0.295" /><testcase classname="tests.test_tradehub_api.TestNotificationsTestEndpoint" name="test_not_configured_returns_ok_false_and_logs_row[whatsapp]" time="0.296" /><testcase classname="tests.test_tradehub_api.TestNotificationsTestEndpoint" name="test_telegram_not_configured" time="0.088" /><testcase classname="tests.test_tradehub_api.TestSettingsPersistence" name="test_full_roundtrip" time="0.217" /></testsuite></testsuites>